[2016-07-08 06:10:41,892] TRACE Broker 2 cached leader info (LeaderAndIsrInfo:(Leader:0,ISR:0,LeaderEpoch:0,ControllerEpoch:1),ReplicationFactor:1),AllReplicas:0) for partition [TutorialTopic,0] in response to UpdateMetadata request sent by controller 0 epoch 1 with correlation id 9 (state.change.logger)
[2016-07-08 06:30:59,707] TRACE Broker 2 cached leader info (LeaderAndIsrInfo:(Leader:0,ISR:0,LeaderEpoch:0,ControllerEpoch:1),ReplicationFactor:1),AllReplicas:0) for partition [producer,0] in response to UpdateMetadata request sent by controller 0 epoch 1 with correlation id 13 (state.change.logger)
[2016-07-08 06:35:53,037] TRACE Broker 2 received LeaderAndIsr request (LeaderAndIsrInfo:(Leader:2,ISR:2,0,LeaderEpoch:0,ControllerEpoch:1),ReplicationFactor:2),AllReplicas:2,0) correlation id 17 from controller 0 epoch 1 for partition [ps,0] (state.change.logger)
[2016-07-08 06:35:53,038] TRACE Broker 2 received LeaderAndIsr request (LeaderAndIsrInfo:(Leader:0,ISR:0,2,LeaderEpoch:0,ControllerEpoch:1),ReplicationFactor:2),AllReplicas:0,2) correlation id 17 from controller 0 epoch 1 for partition [ps,1] (state.change.logger)
[2016-07-08 06:35:53,048] TRACE Broker 2 handling LeaderAndIsr request correlationId 17 from controller 0 epoch 1 starting the become-leader transition for partition [ps,0] (state.change.logger)
[2016-07-08 06:35:53,051] TRACE Broker 2 stopped fetchers as part of become-leader request from controller 0 epoch 1 with correlation id 17 for partition [ps,0] (state.change.logger)
[2016-07-08 06:35:53,140] TRACE Broker 2 completed LeaderAndIsr request correlationId 17 from controller 0 epoch 1 for the become-leader transition for partition [ps,0] (state.change.logger)
[2016-07-08 06:35:53,142] TRACE Broker 2 handling LeaderAndIsr request correlationId 17 from controller 0 epoch 1 starting the become-follower transition for partition [ps,1] (state.change.logger)
[2016-07-08 06:35:53,176] TRACE Broker 2 stopped fetchers as part of become-follower request from controller 0 epoch 1 with correlation id 17 for partition [ps,1] (state.change.logger)
[2016-07-08 06:35:53,182] TRACE Broker 2 truncated logs and checkpointed recovery boundaries for partition [ps,1] as part of become-follower request with correlation id 17 from controller 0 epoch 1 (state.change.logger)
[2016-07-08 06:35:53,203] TRACE Broker 2 started fetcher to new leader as part of become-follower request from controller 0 epoch 1 with correlation id 17 for partition [ps,1] (state.change.logger)
[2016-07-08 06:35:53,204] TRACE Broker 2 completed LeaderAndIsr request correlationId 17 from controller 0 epoch 1 for the become-follower transition for partition [ps,1] (state.change.logger)
[2016-07-08 06:35:53,226] TRACE Broker 2 cached leader info (LeaderAndIsrInfo:(Leader:2,ISR:2,0,LeaderEpoch:0,ControllerEpoch:1),ReplicationFactor:2),AllReplicas:2,0) for partition [ps,0] in response to UpdateMetadata request sent by controller 0 epoch 1 with correlation id 17 (state.change.logger)
[2016-07-08 06:35:53,226] TRACE Broker 2 cached leader info (LeaderAndIsrInfo:(Leader:0,ISR:0,2,LeaderEpoch:0,ControllerEpoch:1),ReplicationFactor:2),AllReplicas:0,2) for partition [ps,1] in response to UpdateMetadata request sent by controller 0 epoch 1 with correlation id 17 (state.change.logger)
[2016-07-08 06:44:57,264] TRACE Broker 2 received LeaderAndIsr request (LeaderAndIsrInfo:(Leader:0,ISR:0,LeaderEpoch:1,ControllerEpoch:1),ReplicationFactor:2),AllReplicas:2,0) correlation id 19 from controller 0 epoch 1 for partition [ps,0] (state.change.logger)
[2016-07-08 06:44:57,265] TRACE Broker 2 handling LeaderAndIsr request correlationId 19 from controller 0 epoch 1 starting the become-follower transition for partition [ps,0] (state.change.logger)
[2016-07-08 06:44:57,273] TRACE Broker 2 stopped fetchers as part of become-follower request from controller 0 epoch 1 with correlation id 19 for partition [ps,0] (state.change.logger)
[2016-07-08 06:44:57,278] TRACE Broker 2 truncated logs and checkpointed recovery boundaries for partition [ps,0] as part of become-follower request with correlation id 19 from controller 0 epoch 1 (state.change.logger)
[2016-07-08 06:44:57,279] TRACE Broker 2 skipped the adding-fetcher step of the become-follower state change with correlation id 19 from controller 0 epoch 1 for partition [ps,0] since it is shutting down (state.change.logger)
[2016-07-08 06:44:57,279] TRACE Broker 2 completed LeaderAndIsr request correlationId 19 from controller 0 epoch 1 for the become-follower transition for partition [ps,0] (state.change.logger)
[2016-07-08 06:44:57,281] TRACE Broker 2 cached leader info (LeaderAndIsrInfo:(Leader:0,ISR:0,LeaderEpoch:1,ControllerEpoch:1),ReplicationFactor:2),AllReplicas:2,0) for partition [ps,0] in response to UpdateMetadata request sent by controller 0 epoch 1 with correlation id 19 (state.change.logger)
[2016-07-08 06:44:57,294] TRACE Broker 2 handling stop replica (delete=false) for partition [ps,1] (state.change.logger)
[2016-07-08 06:44:57,295] TRACE Broker 2 finished handling stop replica (delete=false) for partition [ps,1] (state.change.logger)
[2016-07-08 06:44:57,315] TRACE Broker 2 cached leader info (LeaderAndIsrInfo:(Leader:0,ISR:0,LeaderEpoch:1,ControllerEpoch:1),ReplicationFactor:2),AllReplicas:0,2) for partition [ps,1] in response to UpdateMetadata request sent by controller 0 epoch 1 with correlation id 21 (state.change.logger)
[2016-07-08 06:44:57,544] TRACE Broker 2 handling stop replica (delete=false) for partition [ps,1] (state.change.logger)
[2016-07-08 06:44:57,545] TRACE Broker 2 finished handling stop replica (delete=false) for partition [ps,1] (state.change.logger)
[2016-07-08 06:45:08,372] TRACE Broker 2 cached leader info (LeaderAndIsrInfo:(Leader:0,ISR:0,LeaderEpoch:0,ControllerEpoch:1),ReplicationFactor:1),AllReplicas:0) for partition [producer,0] in response to UpdateMetadata request sent by controller 0 epoch 1 with correlation id 25 (state.change.logger)
[2016-07-08 06:45:08,372] TRACE Broker 2 cached leader info (LeaderAndIsrInfo:(Leader:0,ISR:0,LeaderEpoch:1,ControllerEpoch:1),ReplicationFactor:2),AllReplicas:2,0) for partition [ps,0] in response to UpdateMetadata request sent by controller 0 epoch 1 with correlation id 25 (state.change.logger)
[2016-07-08 06:45:08,377] TRACE Broker 2 cached leader info (LeaderAndIsrInfo:(Leader:0,ISR:0,LeaderEpoch:0,ControllerEpoch:1),ReplicationFactor:1),AllReplicas:0) for partition [TutorialTopic,0] in response to UpdateMetadata request sent by controller 0 epoch 1 with correlation id 25 (state.change.logger)
[2016-07-08 06:45:08,377] TRACE Broker 2 cached leader info (LeaderAndIsrInfo:(Leader:0,ISR:0,LeaderEpoch:1,ControllerEpoch:1),ReplicationFactor:2),AllReplicas:0,2) for partition [ps,1] in response to UpdateMetadata request sent by controller 0 epoch 1 with correlation id 25 (state.change.logger)
[2016-07-08 06:45:08,586] TRACE Broker 2 received LeaderAndIsr request (LeaderAndIsrInfo:(Leader:0,ISR:0,LeaderEpoch:1,ControllerEpoch:1),ReplicationFactor:2),AllReplicas:2,0) correlation id 26 from controller 0 epoch 1 for partition [ps,0] (state.change.logger)
[2016-07-08 06:45:08,586] TRACE Broker 2 received LeaderAndIsr request (LeaderAndIsrInfo:(Leader:0,ISR:0,LeaderEpoch:1,ControllerEpoch:1),ReplicationFactor:2),AllReplicas:0,2) correlation id 26 from controller 0 epoch 1 for partition [ps,1] (state.change.logger)
[2016-07-08 06:45:08,597] TRACE Broker 2 handling LeaderAndIsr request correlationId 26 from controller 0 epoch 1 starting the become-follower transition for partition [ps,0] (state.change.logger)
[2016-07-08 06:45:08,609] TRACE Broker 2 handling LeaderAndIsr request correlationId 26 from controller 0 epoch 1 starting the become-follower transition for partition [ps,1] (state.change.logger)
[2016-07-08 06:45:08,672] TRACE Broker 2 stopped fetchers as part of become-follower request from controller 0 epoch 1 with correlation id 26 for partition [ps,0] (state.change.logger)
[2016-07-08 06:45:08,675] TRACE Broker 2 stopped fetchers as part of become-follower request from controller 0 epoch 1 with correlation id 26 for partition [ps,1] (state.change.logger)
[2016-07-08 06:45:08,690] TRACE Broker 2 truncated logs and checkpointed recovery boundaries for partition [ps,0] as part of become-follower request with correlation id 26 from controller 0 epoch 1 (state.change.logger)
[2016-07-08 06:45:08,690] TRACE Broker 2 truncated logs and checkpointed recovery boundaries for partition [ps,1] as part of become-follower request with correlation id 26 from controller 0 epoch 1 (state.change.logger)
[2016-07-08 06:45:08,709] TRACE Broker 2 started fetcher to new leader as part of become-follower request from controller 0 epoch 1 with correlation id 26 for partition [ps,0] (state.change.logger)
[2016-07-08 06:45:08,713] TRACE Broker 2 started fetcher to new leader as part of become-follower request from controller 0 epoch 1 with correlation id 26 for partition [ps,1] (state.change.logger)
[2016-07-08 06:45:08,714] TRACE Broker 2 completed LeaderAndIsr request correlationId 26 from controller 0 epoch 1 for the become-follower transition for partition [ps,0] (state.change.logger)
[2016-07-08 06:45:08,714] TRACE Broker 2 completed LeaderAndIsr request correlationId 26 from controller 0 epoch 1 for the become-follower transition for partition [ps,1] (state.change.logger)
[2016-07-08 06:45:08,722] TRACE Broker 2 cached leader info (LeaderAndIsrInfo:(Leader:0,ISR:0,LeaderEpoch:1,ControllerEpoch:1),ReplicationFactor:2),AllReplicas:2,0) for partition [ps,0] in response to UpdateMetadata request sent by controller 0 epoch 1 with correlation id 26 (state.change.logger)
[2016-07-08 06:45:08,722] TRACE Broker 2 cached leader info (LeaderAndIsrInfo:(Leader:0,ISR:0,LeaderEpoch:1,ControllerEpoch:1),ReplicationFactor:2),AllReplicas:0,2) for partition [ps,1] in response to UpdateMetadata request sent by controller 0 epoch 1 with correlation id 26 (state.change.logger)
[2016-07-08 06:46:04,512] TRACE Broker 2 received LeaderAndIsr request (LeaderAndIsrInfo:(Leader:2,ISR:0,2,LeaderEpoch:2,ControllerEpoch:1),ReplicationFactor:2),AllReplicas:2,0) correlation id 28 from controller 0 epoch 1 for partition [ps,0] (state.change.logger)
[2016-07-08 06:46:04,514] TRACE Broker 2 handling LeaderAndIsr request correlationId 28 from controller 0 epoch 1 starting the become-leader transition for partition [ps,0] (state.change.logger)
[2016-07-08 06:46:04,515] TRACE Broker 2 stopped fetchers as part of become-leader request from controller 0 epoch 1 with correlation id 28 for partition [ps,0] (state.change.logger)
[2016-07-08 06:46:04,553] TRACE Broker 2 completed LeaderAndIsr request correlationId 28 from controller 0 epoch 1 for the become-leader transition for partition [ps,0] (state.change.logger)
[2016-07-08 06:46:04,557] TRACE Broker 2 cached leader info (LeaderAndIsrInfo:(Leader:2,ISR:0,2,LeaderEpoch:2,ControllerEpoch:1),ReplicationFactor:2),AllReplicas:2,0) for partition [ps,0] in response to UpdateMetadata request sent by controller 0 epoch 1 with correlation id 28 (state.change.logger)
